0 info it worked if it ends with ok
1 verbose cli [ 'C:\\Program Files\\nodejs\\\\node.exe',
1 verbose cli   'C:\\Program Files\\nodejs\\node_modules\\npm\\bin\\npm-cli.js',
1 verbose cli   'install' ]
2 info using npm@1.2.18
3 info using node@v0.10.4
4 verbose node symlink C:\Program Files\nodejs\\node.exe
5 verbose read json D:\gitHub\bird\package.json
6 verbose readDependencies using package.json deps
7 verbose install where, deps [ 'D:\\gitHub\\bird', [ 'http' ] ]
8 verbose from cache D:\gitHub\bird\package.json
9 info preinstall bird@0.0.1
10 verbose from cache D:\gitHub\bird\package.json
11 verbose readDependencies using package.json deps
12 verbose cache add [ 'http@*', null ]
13 verbose cache add name=undefined spec="http@*" args=["http@*",null]
14 verbose parsed url { protocol: null,
14 verbose parsed url   slashes: null,
14 verbose parsed url   auth: null,
14 verbose parsed url   host: null,
14 verbose parsed url   port: null,
14 verbose parsed url   hostname: null,
14 verbose parsed url   hash: null,
14 verbose parsed url   search: null,
14 verbose parsed url   query: null,
14 verbose parsed url   pathname: 'http@*',
14 verbose parsed url   path: 'http@*',
14 verbose parsed url   href: 'http@*' }
15 verbose cache add name="http" spec="*" args=["http","*"]
16 verbose parsed url { protocol: null,
16 verbose parsed url   slashes: null,
16 verbose parsed url   auth: null,
16 verbose parsed url   host: null,
16 verbose parsed url   port: null,
16 verbose parsed url   hostname: null,
16 verbose parsed url   hash: null,
16 verbose parsed url   search: null,
16 verbose parsed url   query: null,
16 verbose parsed url   pathname: '*',
16 verbose parsed url   path: '*',
16 verbose parsed url   href: '*' }
17 verbose addNamed [ 'http', '*' ]
18 verbose addNamed [ null, '' ]
19 silly lockFile 67b29158-http http@*
20 verbose lock http@* C:\Users\v_lebin\AppData\Roaming\npm-cache\67b29158-http.lock
21 silly addNameRange { name: 'http', range: '', hasData: false }
22 verbose url raw http
23 verbose url resolving [ 'https://registry.npmjs.org/', './http' ]
24 verbose url resolved https://registry.npmjs.org/http
25 info trying registry request attempt 1 at 20:54:14
26 http GET https://registry.npmjs.org/http
27 http 404 https://registry.npmjs.org/http
28 silly registry.get cb [ 404,
28 silly registry.get   { server: 'CouchDB/1.3.0 (Erlang OTP/R15B03)',
28 silly registry.get     date: 'Thu, 25 Apr 2013 12:54:16 GMT',
28 silly registry.get     'content-type': 'application/json',
28 silly registry.get     'content-length': '52',
28 silly registry.get     'cache-control': 'must-revalidate' } ]
29 silly lockFile 67b29158-http http@*
30 silly lockFile 67b29158-http http@*
31 error 404 'http' is not in the npm registry.
31 error 404 You should bug the author to publish it
31 error 404
31 error 404 Note that you can also install from a
31 error 404 tarball, folder, or http url, or git url.
32 error System Windows_NT 6.2.9200
33 error command "C:\\Program Files\\nodejs\\\\node.exe" "C:\\Program Files\\nodejs\\node_modules\\npm\\bin\\npm-cli.js" "install"
34 error cwd D:\gitHub\bird
35 error node -v v0.10.4
36 error npm -v 1.2.18
37 error code E404
38 verbose exit [ 1, true ]
